06:00:02.696 INFO  [  restartedMain] cn.jy.Application - Starting Application on jason with PID 12012 (D:\cartering\target\classes started by applre1 in D:\cartering)
06:00:02.703 INFO  [  restartedMain] cn.jy.Application - The following profiles are active: dev
06:00:02.819 INFO  [  restartedMain] o.s.b.d.e.DevToolsPropertyDefaultsPostProcessor - Devtools property defaults active! Set 'spring.devtools.add-properties' to 'false' to disable
06:00:02.819 INFO  [  restartedMain] o.s.b.d.e.DevToolsPropertyDefaultsPostProcessor - For additional web related logging consider setting the 'logging.level.web' property to 'DEBUG'
06:00:04.277 INFO  [  restartedMain] o.s.d.r.c.RepositoryConfigurationDelegate - Multiple Spring Data modules found, entering strict repository configuration mode!
06:00:04.281 INFO  [  restartedMain] o.s.d.r.c.RepositoryConfigurationDelegate - Bootstrapping Spring Data repositories in DEFAULT mode.
06:00:04.352 INFO  [  restartedMain] o.s.d.r.c.RepositoryConfigurationDelegate - Finished Spring Data repository scanning in 38ms. Found 0 repository interfaces.
06:00:06.003 INFO  [  restartedMain] o.s.c.s.PostProcessorRegistrationDelegate$BeanPostProcessorChecker - Bean 'org.springframework.amqp.rabbit.annotation.RabbitBootstrapConfiguration' of type [org.springframework.amqp.rabbit.annotation.RabbitBootstrapConfiguration$$EnhancerBySpringCGLIB$$56fea387] is not eligible for getting processed by all BeanPostProcessors (for example: not eligible for auto-proxying)
06:00:06.218 INFO  [  restartedMain] o.s.c.s.PostProcessorRegistrationDelegate$BeanPostProcessorChecker - Bean 'org.springframework.boot.autoconfigure.jdbc.DataSourceConfiguration$Generic' of type [org.springframework.boot.autoconfigure.jdbc.DataSourceConfiguration$Generic] is not eligible for getting processed by all BeanPostProcessors (for example: not eligible for auto-proxying)
06:00:06.321 INFO  [  restartedMain] o.s.c.s.PostProcessorRegistrationDelegate$BeanPostProcessorChecker - Bean 'spring.datasource-org.springframework.boot.autoconfigure.jdbc.DataSourceProperties' of type [org.springframework.boot.autoconfigure.jdbc.DataSourceProperties] is not eligible for getting processed by all BeanPostProcessors (for example: not eligible for auto-proxying)
06:00:06.453 INFO  [  restartedMain] o.s.c.s.PostProcessorRegistrationDelegate$BeanPostProcessorChecker - Bean 'dataSource' of type [com.alibaba.druid.pool.DruidDataSource] is not eligible for getting processed by all BeanPostProcessors (for example: not eligible for auto-proxying)
06:00:06.492 INFO  [  restartedMain] o.s.c.s.PostProcessorRegistrationDelegate$BeanPostProcessorChecker - Bean 'org.springframework.boot.autoconfigure.jdbc.DataSourceInitializerInvoker' of type [org.springframework.boot.autoconfigure.jdbc.DataSourceInitializerInvoker] is not eligible for getting processed by all BeanPostProcessors (for example: not eligible for auto-proxying)
06:00:06.506 INFO  [  restartedMain] o.s.c.s.PostProcessorRegistrationDelegate$BeanPostProcessorChecker - Bean 'org.springframework.boot.autoconfigure.transaction.TransactionAutoConfiguration' of type [org.springframework.boot.autoconfigure.transaction.TransactionAutoConfiguration$$EnhancerBySpringCGLIB$$2506e063] is not eligible for getting processed by all BeanPostProcessors (for example: not eligible for auto-proxying)
06:00:06.525 INFO  [  restartedMain] o.s.c.s.PostProcessorRegistrationDelegate$BeanPostProcessorChecker - Bean 'spring.transaction-org.springframework.boot.autoconfigure.transaction.TransactionProperties' of type [org.springframework.boot.autoconfigure.transaction.TransactionProperties] is not eligible for getting processed by all BeanPostProcessors (for example: not eligible for auto-proxying)
06:00:06.528 INFO  [  restartedMain] o.s.c.s.PostProcessorRegistrationDelegate$BeanPostProcessorChecker - Bean 'platformTransactionManagerCustomizers' of type [org.springframework.boot.autoconfigure.transaction.TransactionManagerCustomizers] is not eligible for getting processed by all BeanPostProcessors (for example: not eligible for auto-proxying)
06:00:06.529 INFO  [  restartedMain] o.s.c.s.PostProcessorRegistrationDelegate$BeanPostProcessorChecker - Bean 'org.springframework.boot.autoconfigure.jdbc.DataSourceTransactionManagerAutoConfiguration$DataSourceTransactionManagerConfiguration' of type [org.springframework.boot.autoconfigure.jdbc.DataSourceTransactionManagerAutoConfiguration$DataSourceTransactionManagerConfiguration$$EnhancerBySpringCGLIB$$3d937dc8] is not eligible for getting processed by all BeanPostProcessors (for example: not eligible for auto-proxying)
06:00:06.550 INFO  [  restartedMain] o.s.c.s.PostProcessorRegistrationDelegate$BeanPostProcessorChecker - Bean 'transactionManager' of type [org.springframework.jdbc.datasource.DataSourceTransactionManager] is not eligible for getting processed by all BeanPostProcessors (for example: not eligible for auto-proxying)
06:00:06.555 INFO  [  restartedMain] o.s.c.s.PostProcessorRegistrationDelegate$BeanPostProcessorChecker - Bean 'transactionAdviceConfig' of type [cn.jy.config.TransactionAdviceConfig$$EnhancerBySpringCGLIB$$eaa76706] is not eligible for getting processed by all BeanPostProcessors (for example: not eligible for auto-proxying)
06:00:06.567 INFO  [  restartedMain] o.s.c.s.PostProcessorRegistrationDelegate$BeanPostProcessorChecker - Bean 'txAdvice' of type [org.springframework.transaction.interceptor.TransactionInterceptor] is not eligible for getting processed by all BeanPostProcessors (for example: not eligible for auto-proxying)
06:00:06.568 INFO  [  restartedMain] o.s.c.s.PostProcessorRegistrationDelegate$BeanPostProcessorChecker - Bean 'txAdviceAdvisor' of type [org.springframework.aop.support.DefaultPointcutAdvisor] is not eligible for getting processed by all BeanPostProcessors (for example: not eligible for auto-proxying)
06:00:07.842 INFO  [  restartedMain] o.s.b.w.e.t.TomcatWebServer - Tomcat initialized with port(s): 8802 (http)
06:00:07.863 INFO  [  restartedMain] o.a.c.http11.Http11NioProtocol - Initializing ProtocolHandler ["http-nio-8802"]
06:00:07.886 INFO  [  restartedMain] o.a.c.core.StandardService - Starting service [Tomcat]
06:00:07.886 INFO  [  restartedMain] o.a.c.core.StandardEngine - Starting Servlet Engine: Apache Tomcat/9.0.13
06:00:07.898 INFO  [  restartedMain] o.a.c.c.AprLifecycleListener - The APR based Apache Tomcat Native library which allows optimal performance in production environments was not found on the java.library.path: [C:\Program Files\Java\jdk1.8.0_181\bin;C:\Windows\Sun\Java\bin;C:\Windows\system32;C:\Windows;C:\Program Files (x86)\Common Files\Oracle\Java\javapath;C:\Program Files (x86)\Intel\iCLS Client\;C:\Program Files\Intel\iCLS Client\;C:\Windows\system32;C:\Windows;C:\Windows\System32\Wbem;C:\Windows\System32\WindowsPowerShell\v1.0\;C:\Program Files\EmEditor;C:\Program Files (x86)\Windows Kits\8.1\Windows Performance Toolkit\;C:\Program Files\Microsoft SQL Server\110\Tools\Binn\;C:\Program Files (x86)\Microsoft SDKs\TypeScript\1.0\;C:\Program Files\Microsoft SQL Server\120\Tools\Binn\;C:\Program Files\TortoiseSVN\bin;C:\Program Files (x86)\Java\jdk1.6.0_14\bin;C:\Python27\;C:\Python27\Scripts\;C:\Program Files\OpenVPN\bin;C:\Program Files (x86)\SinoVoice\jTTS 5.0 Desktop\Bin;C:\Program Files\Java\jdk1.7.0_80\bin;C:\wamp\bin\php\php5.5.12;C:\ProgramData\ComposerSetup\bin;C:\Program Files (x86)\nodejs4\;C:\Program Files\Git\cmd;c:\python27;c:\python27\Scripts;C:\Users\applre1\AppData\Roaming\Composer\vendor\bin;C:\Users\applre1\AppData\Roaming\npm;C:\wamp\bin\php\php5.5.12;.]
06:00:08.078 INFO  [  restartedMain] o.a.c.c.C.[.[localhost].[/] - Initializing Spring embedded WebApplicationContext
06:00:08.079 INFO  [  restartedMain] o.s.web.context.ContextLoader - Root WebApplicationContext: initialization completed in 5260 ms
06:00:09.605 INFO  [  restartedMain] o.s.s.c.ThreadPoolTaskExecutor - Initializing ExecutorService 'applicationTaskExecutor'
06:00:09.893 INFO  [  restartedMain] o.s.b.a.w.s.WelcomePageHandlerMapping - Adding welcome page template: index
06:00:11.388 INFO  [  restartedMain] o.s.b.d.a.OptionalLiveReloadServer - LiveReload server is running on port 35729
06:00:11.912 INFO  [  restartedMain] o.a.c.http11.Http11NioProtocol - Starting ProtocolHandler ["http-nio-8802"]
06:00:11.928 INFO  [  restartedMain] o.a.t.util.net.NioSelectorPool - Using a shared selector for servlet write/read
06:00:11.954 INFO  [  restartedMain] o.s.b.w.e.t.TomcatWebServer - Tomcat started on port(s): 8802 (http) with context path ''
06:00:11.960 INFO  [  restartedMain] cn.jy.Application - Started Application in 11.138 seconds (JVM running for 13.802)
06:00:20.862 INFO  [nio-8802-exec-2] o.a.c.c.C.[.[localhost].[/] - Initializing Spring DispatcherServlet 'dispatcherServlet'
06:00:20.864 INFO  [nio-8802-exec-2] o.s.w.s.DispatcherServlet - Initializing Servlet 'dispatcherServlet'
06:00:20.883 INFO  [nio-8802-exec-2] o.s.w.s.DispatcherServlet - Completed initialization in 18 ms
06:00:27.020 INFO  [nio-8802-exec-1] c.a.druid.pool.DruidDataSource - {dataSource-1} inited
06:27:24.100 INFO  [      Thread-29] o.s.s.c.ThreadPoolTaskExecutor - Shutting down ExecutorService 'applicationTaskExecutor'
06:27:24.109 INFO  [      Thread-29] c.a.druid.pool.DruidDataSource - {dataSource-1} closed
06:27:25.366 INFO  [  restartedMain] cn.jy.Application - Starting Application on jason with PID 12012 (D:\cartering\target\classes started by applre1 in D:\cartering)
06:27:25.367 INFO  [  restartedMain] cn.jy.Application - The following profiles are active: dev
06:27:26.087 INFO  [  restartedMain] o.s.d.r.c.RepositoryConfigurationDelegate - Multiple Spring Data modules found, entering strict repository configuration mode!
06:27:26.087 INFO  [  restartedMain] o.s.d.r.c.RepositoryConfigurationDelegate - Bootstrapping Spring Data repositories in DEFAULT mode.
06:27:26.100 INFO  [  restartedMain] o.s.d.r.c.RepositoryConfigurationDelegate - Finished Spring Data repository scanning in 12ms. Found 0 repository interfaces.
06:27:26.231 INFO  [  restartedMain] o.s.c.s.PostProcessorRegistrationDelegate$BeanPostProcessorChecker - Bean 'org.springframework.amqp.rabbit.annotation.RabbitBootstrapConfiguration' of type [org.springframework.amqp.rabbit.annotation.RabbitBootstrapConfiguration$$EnhancerBySpringCGLIB$$56fea387] is not eligible for getting processed by all BeanPostProcessors (for example: not eligible for auto-proxying)
06:27:26.261 INFO  [  restartedMain] o.s.c.s.PostProcessorRegistrationDelegate$BeanPostProcessorChecker - Bean 'org.springframework.boot.autoconfigure.jdbc.DataSourceConfiguration$Generic' of type [org.springframework.boot.autoconfigure.jdbc.DataSourceConfiguration$Generic] is not eligible for getting processed by all BeanPostProcessors (for example: not eligible for auto-proxying)
06:27:26.283 INFO  [  restartedMain] o.s.c.s.PostProcessorRegistrationDelegate$BeanPostProcessorChecker - Bean 'spring.datasource-org.springframework.boot.autoconfigure.jdbc.DataSourceProperties' of type [org.springframework.boot.autoconfigure.jdbc.DataSourceProperties] is not eligible for getting processed by all BeanPostProcessors (for example: not eligible for auto-proxying)
06:27:26.317 INFO  [  restartedMain] o.s.c.s.PostProcessorRegistrationDelegate$BeanPostProcessorChecker - Bean 'dataSource' of type [com.alibaba.druid.pool.DruidDataSource] is not eligible for getting processed by all BeanPostProcessors (for example: not eligible for auto-proxying)
06:27:26.349 INFO  [  restartedMain] o.s.c.s.PostProcessorRegistrationDelegate$BeanPostProcessorChecker - Bean 'org.springframework.boot.autoconfigure.jdbc.DataSourceInitializerInvoker' of type [org.springframework.boot.autoconfigure.jdbc.DataSourceInitializerInvoker] is not eligible for getting processed by all BeanPostProcessors (for example: not eligible for auto-proxying)
06:27:26.356 INFO  [  restartedMain] o.s.c.s.PostProcessorRegistrationDelegate$BeanPostProcessorChecker - Bean 'org.springframework.boot.autoconfigure.transaction.TransactionAutoConfiguration' of type [org.springframework.boot.autoconfigure.transaction.TransactionAutoConfiguration$$EnhancerBySpringCGLIB$$2506e063] is not eligible for getting processed by all BeanPostProcessors (for example: not eligible for auto-proxying)
06:27:26.361 INFO  [  restartedMain] o.s.c.s.PostProcessorRegistrationDelegate$BeanPostProcessorChecker - Bean 'spring.transaction-org.springframework.boot.autoconfigure.transaction.TransactionProperties' of type [org.springframework.boot.autoconfigure.transaction.TransactionProperties] is not eligible for getting processed by all BeanPostProcessors (for example: not eligible for auto-proxying)
06:27:26.362 INFO  [  restartedMain] o.s.c.s.PostProcessorRegistrationDelegate$BeanPostProcessorChecker - Bean 'platformTransactionManagerCustomizers' of type [org.springframework.boot.autoconfigure.transaction.TransactionManagerCustomizers] is not eligible for getting processed by all BeanPostProcessors (for example: not eligible for auto-proxying)
06:27:26.362 INFO  [  restartedMain] o.s.c.s.PostProcessorRegistrationDelegate$BeanPostProcessorChecker - Bean 'org.springframework.boot.autoconfigure.jdbc.DataSourceTransactionManagerAutoConfiguration$DataSourceTransactionManagerConfiguration' of type [org.springframework.boot.autoconfigure.jdbc.DataSourceTransactionManagerAutoConfiguration$DataSourceTransactionManagerConfiguration$$EnhancerBySpringCGLIB$$3d937dc8] is not eligible for getting processed by all BeanPostProcessors (for example: not eligible for auto-proxying)
06:27:26.365 INFO  [  restartedMain] o.s.c.s.PostProcessorRegistrationDelegate$BeanPostProcessorChecker - Bean 'transactionManager' of type [org.springframework.jdbc.datasource.DataSourceTransactionManager] is not eligible for getting processed by all BeanPostProcessors (for example: not eligible for auto-proxying)
06:27:26.368 INFO  [  restartedMain] o.s.c.s.PostProcessorRegistrationDelegate$BeanPostProcessorChecker - Bean 'transactionAdviceConfig' of type [cn.jy.config.TransactionAdviceConfig$$EnhancerBySpringCGLIB$$eaa76706] is not eligible for getting processed by all BeanPostProcessors (for example: not eligible for auto-proxying)
06:27:26.374 INFO  [  restartedMain] o.s.c.s.PostProcessorRegistrationDelegate$BeanPostProcessorChecker - Bean 'txAdvice' of type [org.springframework.transaction.interceptor.TransactionInterceptor] is not eligible for getting processed by all BeanPostProcessors (for example: not eligible for auto-proxying)
06:27:26.374 INFO  [  restartedMain] o.s.c.s.PostProcessorRegistrationDelegate$BeanPostProcessorChecker - Bean 'txAdviceAdvisor' of type [org.springframework.aop.support.DefaultPointcutAdvisor] is not eligible for getting processed by all BeanPostProcessors (for example: not eligible for auto-proxying)
06:27:26.668 INFO  [  restartedMain] o.s.b.w.e.t.TomcatWebServer - Tomcat initialized with port(s): 8802 (http)
06:27:26.671 INFO  [  restartedMain] o.a.c.http11.Http11NioProtocol - Initializing ProtocolHandler ["http-nio-8802"]
06:27:26.671 INFO  [  restartedMain] o.a.c.core.StandardService - Starting service [Tomcat]
06:27:26.673 INFO  [  restartedMain] o.a.c.core.StandardEngine - Starting Servlet Engine: Apache Tomcat/9.0.13
06:27:26.745 INFO  [  restartedMain] o.a.c.c.C.[.[localhost].[/] - Initializing Spring embedded WebApplicationContext
06:27:26.745 INFO  [  restartedMain] o.s.web.context.ContextLoader - Root WebApplicationContext: initialization completed in 1374 ms
06:27:27.435 INFO  [  restartedMain] o.s.s.c.ThreadPoolTaskExecutor - Initializing ExecutorService 'applicationTaskExecutor'
06:27:27.574 INFO  [  restartedMain] o.s.b.a.w.s.WelcomePageHandlerMapping - Adding welcome page template: index
06:27:28.142 INFO  [  restartedMain] o.s.b.d.a.OptionalLiveReloadServer - LiveReload server is running on port 35729
06:27:28.585 INFO  [  restartedMain] o.a.c.http11.Http11NioProtocol - Starting ProtocolHandler ["http-nio-8802"]
06:27:28.589 INFO  [  restartedMain] o.a.t.util.net.NioSelectorPool - Using a shared selector for servlet write/read
06:27:28.601 INFO  [  restartedMain] o.s.b.w.e.t.TomcatWebServer - Tomcat started on port(s): 8802 (http) with context path ''
06:27:28.602 INFO  [  restartedMain] cn.jy.Application - Started Application in 3.834 seconds (JVM running for 1650.445)
06:27:28.607 INFO  [  restartedMain] o.s.b.d.a.ConditionEvaluationDeltaLoggingListener - Condition evaluation unchanged
06:27:34.337 INFO  [nio-8802-exec-4] o.a.c.c.C.[.[localhost].[/] - Initializing Spring DispatcherServlet 'dispatcherServlet'
06:27:34.339 INFO  [nio-8802-exec-4] o.s.w.s.DispatcherServlet - Initializing Servlet 'dispatcherServlet'
06:27:34.356 INFO  [nio-8802-exec-4] o.s.w.s.DispatcherServlet - Completed initialization in 16 ms
06:27:37.923 INFO  [nio-8802-exec-6] c.a.druid.pool.DruidDataSource - {dataSource-2} inited
06:29:07.815 INFO  [      Thread-40] o.s.s.c.ThreadPoolTaskExecutor - Shutting down ExecutorService 'applicationTaskExecutor'
06:29:07.821 INFO  [      Thread-40] c.a.druid.pool.DruidDataSource - {dataSource-2} closed
06:29:09.030 INFO  [  restartedMain] cn.jy.Application - Starting Application on jason with PID 12012 (D:\cartering\target\classes started by applre1 in D:\cartering)
06:29:09.031 INFO  [  restartedMain] cn.jy.Application - The following profiles are active: dev
06:29:09.997 INFO  [  restartedMain] o.s.d.r.c.RepositoryConfigurationDelegate - Multiple Spring Data modules found, entering strict repository configuration mode!
06:29:09.997 INFO  [  restartedMain] o.s.d.r.c.RepositoryConfigurationDelegate - Bootstrapping Spring Data repositories in DEFAULT mode.
06:29:10.024 INFO  [  restartedMain] o.s.d.r.c.RepositoryConfigurationDelegate - Finished Spring Data repository scanning in 26ms. Found 0 repository interfaces.
06:29:10.177 INFO  [  restartedMain] o.s.c.s.PostProcessorRegistrationDelegate$BeanPostProcessorChecker - Bean 'org.springframework.amqp.rabbit.annotation.RabbitBootstrapConfiguration' of type [org.springframework.amqp.rabbit.annotation.RabbitBootstrapConfiguration$$EnhancerBySpringCGLIB$$56fea387] is not eligible for getting processed by all BeanPostProcessors (for example: not eligible for auto-proxying)
06:29:10.223 INFO  [  restartedMain] o.s.c.s.PostProcessorRegistrationDelegate$BeanPostProcessorChecker - Bean 'org.springframework.boot.autoconfigure.jdbc.DataSourceConfiguration$Generic' of type [org.springframework.boot.autoconfigure.jdbc.DataSourceConfiguration$Generic] is not eligible for getting processed by all BeanPostProcessors (for example: not eligible for auto-proxying)
06:29:10.244 INFO  [  restartedMain] o.s.c.s.PostProcessorRegistrationDelegate$BeanPostProcessorChecker - Bean 'spring.datasource-org.springframework.boot.autoconfigure.jdbc.DataSourceProperties' of type [org.springframework.boot.autoconfigure.jdbc.DataSourceProperties] is not eligible for getting processed by all BeanPostProcessors (for example: not eligible for auto-proxying)
06:29:10.304 INFO  [  restartedMain] o.s.c.s.PostProcessorRegistrationDelegate$BeanPostProcessorChecker - Bean 'dataSource' of type [com.alibaba.druid.pool.DruidDataSource] is not eligible for getting processed by all BeanPostProcessors (for example: not eligible for auto-proxying)
06:29:10.342 INFO  [  restartedMain] o.s.c.s.PostProcessorRegistrationDelegate$BeanPostProcessorChecker - Bean 'org.springframework.boot.autoconfigure.jdbc.DataSourceInitializerInvoker' of type [org.springframework.boot.autoconfigure.jdbc.DataSourceInitializerInvoker] is not eligible for getting processed by all BeanPostProcessors (for example: not eligible for auto-proxying)
06:29:10.348 INFO  [  restartedMain] o.s.c.s.PostProcessorRegistrationDelegate$BeanPostProcessorChecker - Bean 'org.springframework.boot.autoconfigure.transaction.TransactionAutoConfiguration' of type [org.springframework.boot.autoconfigure.transaction.TransactionAutoConfiguration$$EnhancerBySpringCGLIB$$2506e063] is not eligible for getting processed by all BeanPostProcessors (for example: not eligible for auto-proxying)
06:29:10.355 INFO  [  restartedMain] o.s.c.s.PostProcessorRegistrationDelegate$BeanPostProcessorChecker - Bean 'spring.transaction-org.springframework.boot.autoconfigure.transaction.TransactionProperties' of type [org.springframework.boot.autoconfigure.transaction.TransactionProperties] is not eligible for getting processed by all BeanPostProcessors (for example: not eligible for auto-proxying)
06:29:10.357 INFO  [  restartedMain] o.s.c.s.PostProcessorRegistrationDelegate$BeanPostProcessorChecker - Bean 'platformTransactionManagerCustomizers' of type [org.springframework.boot.autoconfigure.transaction.TransactionManagerCustomizers] is not eligible for getting processed by all BeanPostProcessors (for example: not eligible for auto-proxying)
06:29:10.357 INFO  [  restartedMain] o.s.c.s.PostProcessorRegistrationDelegate$BeanPostProcessorChecker - Bean 'org.springframework.boot.autoconfigure.jdbc.DataSourceTransactionManagerAutoConfiguration$DataSourceTransactionManagerConfiguration' of type [org.springframework.boot.autoconfigure.jdbc.DataSourceTransactionManagerAutoConfiguration$DataSourceTransactionManagerConfiguration$$EnhancerBySpringCGLIB$$3d937dc8] is not eligible for getting processed by all BeanPostProcessors (for example: not eligible for auto-proxying)
06:29:10.362 INFO  [  restartedMain] o.s.c.s.PostProcessorRegistrationDelegate$BeanPostProcessorChecker - Bean 'transactionManager' of type [org.springframework.jdbc.datasource.DataSourceTransactionManager] is not eligible for getting processed by all BeanPostProcessors (for example: not eligible for auto-proxying)
06:29:10.364 INFO  [  restartedMain] o.s.c.s.PostProcessorRegistrationDelegate$BeanPostProcessorChecker - Bean 'transactionAdviceConfig' of type [cn.jy.config.TransactionAdviceConfig$$EnhancerBySpringCGLIB$$eaa76706] is not eligible for getting processed by all BeanPostProcessors (for example: not eligible for auto-proxying)
06:29:10.375 INFO  [  restartedMain] o.s.c.s.PostProcessorRegistrationDelegate$BeanPostProcessorChecker - Bean 'txAdvice' of type [org.springframework.transaction.interceptor.TransactionInterceptor] is not eligible for getting processed by all BeanPostProcessors (for example: not eligible for auto-proxying)
06:29:10.376 INFO  [  restartedMain] o.s.c.s.PostProcessorRegistrationDelegate$BeanPostProcessorChecker - Bean 'txAdviceAdvisor' of type [org.springframework.aop.support.DefaultPointcutAdvisor] is not eligible for getting processed by all BeanPostProcessors (for example: not eligible for auto-proxying)
06:29:10.640 INFO  [  restartedMain] o.s.b.w.e.t.TomcatWebServer - Tomcat initialized with port(s): 8802 (http)
06:29:10.641 INFO  [  restartedMain] o.a.c.http11.Http11NioProtocol - Initializing ProtocolHandler ["http-nio-8802"]
06:29:10.642 INFO  [  restartedMain] o.a.c.core.StandardService - Starting service [Tomcat]
06:29:10.643 INFO  [  restartedMain] o.a.c.core.StandardEngine - Starting Servlet Engine: Apache Tomcat/9.0.13
06:29:10.679 INFO  [  restartedMain] o.a.c.c.C.[.[localhost].[/] - Initializing Spring embedded WebApplicationContext
06:29:10.680 INFO  [  restartedMain] o.s.web.context.ContextLoader - Root WebApplicationContext: initialization completed in 1640 ms
06:29:11.609 INFO  [  restartedMain] o.s.s.c.ThreadPoolTaskExecutor - Initializing ExecutorService 'applicationTaskExecutor'
06:29:11.830 INFO  [  restartedMain] o.s.b.a.w.s.WelcomePageHandlerMapping - Adding welcome page template: index
